<?xml version="1.0" encoding="UTF-8"?>
<testsuite xmlns:xsi="http://www.w3.org/2001/XMLSchema-instance" xsi:noNamespaceSchemaLocation="https://maven.apache.org/surefire/maven-surefire-plugin/xsd/surefire-test-report.xsd" name="TestSuite" time="8.286" tests="2" errors="0" skipped="0" failures="0">
  <properties>
    <property name="java.specification.version" value="17"/>
    <property name="sun.cpu.isalist" value="amd64"/>
    <property name="sun.jnu.encoding" value="Cp1252"/>
    <property name="java.class.path" value="E:\java_web_HUSC\Pom_Demo\target\test-classes;E:\java_web_HUSC\Pom_Demo\target\classes;C:\Users\PHI LONG\.m2\repository\junit\junit\4.11\junit-4.11.jar;C:\Users\PHI LONG\.m2\repository\org\hamcrest\hamcrest-core\1.3\hamcrest-core-1.3.jar;C:\Users\PHI LONG\.m2\repository\org\seleniumhq\selenium\selenium-chrome-driver\4.2.1\selenium-chrome-driver-4.2.1.jar;C:\Users\PHI LONG\.m2\repository\com\google\auto\service\auto-service-annotations\1.0.1\auto-service-annotations-1.0.1.jar;C:\Users\PHI LONG\.m2\repository\com\google\auto\service\auto-service\1.0.1\auto-service-1.0.1.jar;C:\Users\PHI LONG\.m2\repository\com\google\auto\auto-common\1.2\auto-common-1.2.jar;C:\Users\PHI LONG\.m2\repository\com\google\guava\guava\31.1-jre\guava-31.1-jre.jar;C:\Users\PHI LONG\.m2\repository\com\google\guava\failureaccess\1.0.1\failureaccess-1.0.1.jar;C:\Users\PHI LONG\.m2\repository\com\google\guava\listenablefuture\9999.0-empty-to-avoid-conflict-with-guava\listenablefuture-9999.0-empty-to-avoid-conflict-with-guava.jar;C:\Users\PHI LONG\.m2\repository\org\checkerframework\checker-qual\3.12.0\checker-qual-3.12.0.jar;C:\Users\PHI LONG\.m2\repository\com\google\errorprone\error_prone_annotations\2.11.0\error_prone_annotations-2.11.0.jar;C:\Users\PHI LONG\.m2\repository\com\google\j2objc\j2objc-annotations\1.3\j2objc-annotations-1.3.jar;C:\Users\PHI LONG\.m2\repository\org\seleniumhq\selenium\selenium-api\4.2.1\selenium-api-4.2.1.jar;C:\Users\PHI LONG\.m2\repository\org\seleniumhq\selenium\selenium-chromium-driver\4.2.1\selenium-chromium-driver-4.2.1.jar;C:\Users\PHI LONG\.m2\repository\org\seleniumhq\selenium\selenium-json\4.2.1\selenium-json-4.2.1.jar;C:\Users\PHI LONG\.m2\repository\org\seleniumhq\selenium\selenium-remote-driver\4.2.1\selenium-remote-driver-4.2.1.jar;C:\Users\PHI LONG\.m2\repository\io\netty\netty-buffer\4.1.77.Final\netty-buffer-4.1.77.Final.jar;C:\Users\PHI LONG\.m2\repository\io\netty\netty-codec-http\4.1.77.Final\netty-codec-http-4.1.77.Final.jar;C:\Users\PHI LONG\.m2\repository\io\netty\netty-codec\4.1.77.Final\netty-codec-4.1.77.Final.jar;C:\Users\PHI LONG\.m2\repository\io\netty\netty-handler\4.1.77.Final\netty-handler-4.1.77.Final.jar;C:\Users\PHI LONG\.m2\repository\io\netty\netty-common\4.1.77.Final\netty-common-4.1.77.Final.jar;C:\Users\PHI LONG\.m2\repository\io\netty\netty-transport-classes-epoll\4.1.77.Final\netty-transport-classes-epoll-4.1.77.Final.jar;C:\Users\PHI LONG\.m2\repository\io\netty\netty-transport-classes-kqueue\4.1.77.Final\netty-transport-classes-kqueue-4.1.77.Final.jar;C:\Users\PHI LONG\.m2\repository\io\netty\netty-transport-native-epoll\4.1.77.Final\netty-transport-native-epoll-4.1.77.Final.jar;C:\Users\PHI LONG\.m2\repository\io\netty\netty-transport-native-kqueue\4.1.77.Final\netty-transport-native-kqueue-4.1.77.Final.jar;C:\Users\PHI LONG\.m2\repository\io\netty\netty-transport-native-unix-common\4.1.77.Final\netty-transport-native-unix-common-4.1.77.Final.jar;C:\Users\PHI LONG\.m2\repository\io\netty\netty-transport\4.1.77.Final\netty-transport-4.1.77.Final.jar;C:\Users\PHI LONG\.m2\repository\io\netty\netty-resolver\4.1.77.Final\netty-resolver-4.1.77.Final.jar;C:\Users\PHI LONG\.m2\repository\io\opentelemetry\opentelemetry-api\1.14.0\opentelemetry-api-1.14.0.jar;C:\Users\PHI LONG\.m2\repository\io\opentelemetry\opentelemetry-context\1.14.0\opentelemetry-context-1.14.0.jar;C:\Users\PHI LONG\.m2\repository\io\opentelemetry\opentelemetry-exporter-logging\1.14.0\opentelemetry-exporter-logging-1.14.0.jar;C:\Users\PHI LONG\.m2\repository\io\opentelemetry\opentelemetry-sdk-metrics\1.14.0\opentelemetry-sdk-metrics-1.14.0.jar;C:\Users\PHI LONG\.m2\repository\io\opentelemetry\opentelemetry-sdk-logs\1.14.0-alpha\opentelemetry-sdk-logs-1.14.0-alpha.jar;C:\Users\PHI LONG\.m2\repository\io\opentelemetry\opentelemetry-sdk-common\1.14.0\opentelemetry-sdk-common-1.14.0.jar;C:\Users\PHI LONG\.m2\repository\io\opentelemetry\opentelemetry-sdk-extension-autoconfigure-spi\1.14.0\opentelemetry-sdk-extension-autoconfigure-spi-1.14.0.jar;C:\Users\PHI LONG\.m2\repository\io\opentelemetry\opentelemetry-sdk-extension-autoconfigure\1.14.0-alpha\opentelemetry-sdk-extension-autoconfigure-1.14.0-alpha.jar;C:\Users\PHI LONG\.m2\repository\io\opentelemetry\opentelemetry-sdk-trace\1.14.0\opentelemetry-sdk-trace-1.14.0.jar;C:\Users\PHI LONG\.m2\repository\io\opentelemetry\opentelemetry-sdk\1.14.0\opentelemetry-sdk-1.14.0.jar;C:\Users\PHI LONG\.m2\repository\io\opentelemetry\opentelemetry-semconv\1.14.0-alpha\opentelemetry-semconv-1.14.0-alpha.jar;C:\Users\PHI LONG\.m2\repository\io\ous\jtoml\2.0.0\jtoml-2.0.0.jar;C:\Users\PHI LONG\.m2\repository\org\apache\commons\commons-exec\1.3\commons-exec-1.3.jar;C:\Users\PHI LONG\.m2\repository\org\asynchttpclient\async-http-client\2.12.3\async-http-client-2.12.3.jar;C:\Users\PHI LONG\.m2\repository\org\asynchttpclient\async-http-client-netty-utils\2.12.3\async-http-client-netty-utils-2.12.3.jar;C:\Users\PHI LONG\.m2\repository\io\netty\netty-codec-socks\4.1.60.Final\netty-codec-socks-4.1.60.Final.jar;C:\Users\PHI LONG\.m2\repository\io\netty\netty-handler-proxy\4.1.60.Final\netty-handler-proxy-4.1.60.Final.jar;C:\Users\PHI LONG\.m2\repository\io\netty\netty-transport-native-epoll\4.1.60.Final\netty-transport-native-epoll-4.1.60.Final-linux-x86_64.jar;C:\Users\PHI LONG\.m2\repository\io\netty\netty-transport-native-kqueue\4.1.60.Final\netty-transport-native-kqueue-4.1.60.Final-osx-x86_64.jar;C:\Users\PHI LONG\.m2\repository\org\reactivestreams\reactive-streams\1.0.3\reactive-streams-1.0.3.jar;C:\Users\PHI LONG\.m2\repository\com\typesafe\netty\netty-reactive-streams\2.0.4\netty-reactive-streams-2.0.4.jar;C:\Users\PHI LONG\.m2\repository\com\sun\activation\jakarta.activation\1.2.2\jakarta.activation-1.2.2.jar;C:\Users\PHI LONG\.m2\repository\org\seleniumhq\selenium\selenium-http\4.2.1\selenium-http-4.2.1.jar;C:\Users\PHI LONG\.m2\repository\dev\failsafe\failsafe\3.2.4\failsafe-3.2.4.jar;C:\Users\PHI LONG\.m2\repository\org\seleniumhq\selenium\selenium-support\4.3.0\selenium-support-4.3.0.jar;C:\Users\PHI LONG\.m2\repository\net\bytebuddy\byte-buddy\1.12.10\byte-buddy-1.12.10.jar;C:\Users\PHI LONG\.m2\repository\io\github\bonigarcia\webdrivermanager\5.0.3\webdrivermanager-5.0.3.jar;C:\Users\PHI LONG\.m2\repository\org\slf4j\slf4j-api\1.7.32\slf4j-api-1.7.32.jar;C:\Users\PHI LONG\.m2\repository\com\google\code\gson\gson\2.8.8\gson-2.8.8.jar;C:\Users\PHI LONG\.m2\repository\org\jsoup\jsoup\1.14.2\jsoup-1.14.2.jar;C:\Users\PHI LONG\.m2\repository\com\github\docker-java\docker-java\3.2.12\docker-java-3.2.12.jar;C:\Users\PHI LONG\.m2\repository\com\github\docker-java\docker-java-core\3.2.12\docker-java-core-3.2.12.jar;C:\Users\PHI LONG\.m2\repository\com\github\docker-java\docker-java-api\3.2.12\docker-java-api-3.2.12.jar;C:\Users\PHI LONG\.m2\repository\com\fasterxml\jackson\core\jackson-annotations\2.10.3\jackson-annotations-2.10.3.jar;C:\Users\PHI LONG\.m2\repository\commons-io\commons-io\2.6\commons-io-2.6.jar;C:\Users\PHI LONG\.m2\repository\org\apache\commons\commons-compress\1.21\commons-compress-1.21.jar;C:\Users\PHI LONG\.m2\repository\commons-lang\commons-lang\2.6\commons-lang-2.6.jar;C:\Users\PHI LONG\.m2\repository\com\fasterxml\jackson\core\jackson-databind\2.10.3\jackson-databind-2.10.3.jar;C:\Users\PHI LONG\.m2\repository\com\fasterxml\jackson\core\jackson-core\2.10.3\jackson-core-2.10.3.jar;C:\Users\PHI LONG\.m2\repository\org\bouncycastle\bcpkix-jdk15on\1.64\bcpkix-jdk15on-1.64.jar;C:\Users\PHI LONG\.m2\repository\org\bouncycastle\bcprov-jdk15on\1.64\bcprov-jdk15on-1.64.jar;C:\Users\PHI LONG\.m2\repository\org\slf4j\jcl-over-slf4j\1.7.30\jcl-over-slf4j-1.7.30.jar;C:\Users\PHI LONG\.m2\repository\com\github\docker-java\docker-java-transport-httpclient5\3.2.12\docker-java-transport-httpclient5-3.2.12.jar;C:\Users\PHI LONG\.m2\repository\com\github\docker-java\docker-java-transport\3.2.12\docker-java-transport-3.2.12.jar;C:\Users\PHI LONG\.m2\repository\org\apache\httpcomponents\client5\httpclient5\5.0.3\httpclient5-5.0.3.jar;C:\Users\PHI LONG\.m2\repository\org\apache\httpcomponents\core5\httpcore5\5.0.2\httpcore5-5.0.2.jar;C:\Users\PHI LONG\.m2\repository\commons-codec\commons-codec\1.13\commons-codec-1.13.jar;C:\Users\PHI LONG\.m2\repository\net\java\dev\jna\jna\5.8.0\jna-5.8.0.jar;C:\Users\PHI LONG\.m2\repository\org\brotli\dec\0.1.2\dec-0.1.2.jar;C:\Users\PHI LONG\.m2\repository\org\testng\testng\7.6.1\testng-7.6.1.jar;C:\Users\PHI LONG\.m2\repository\com\google\code\findbugs\jsr305\3.0.2\jsr305-3.0.2.jar;C:\Users\PHI LONG\.m2\repository\com\beust\jcommander\1.82\jcommander-1.82.jar;C:\Users\PHI LONG\.m2\repository\org\webjars\jquery\3.6.0\jquery-3.6.0.jar;"/>
    <property name="java.vm.vendor" value="Eclipse Adoptium"/>
    <property name="sun.arch.data.model" value="64"/>
    <property name="user.variant" value=""/>
    <property name="java.vendor.url" value="https://adoptium.net/"/>
    <property name="user.timezone" value="Asia/Saigon"/>
    <property name="os.name" value="Windows 11"/>
    <property name="java.vm.specification.version" value="17"/>
    <property name="sun.java.launcher" value="SUN_STANDARD"/>
    <property name="user.country" value="SG"/>
    <property name="sun.boot.library.path" value="C:\Program Files\Eclipse Adoptium\jdk-17.0.3.7-hotspot\bin"/>
    <property name="sun.java.command" value="C:\Users\PHILON~1\AppData\Local\Temp\surefire9777861962675158643\surefirebooter18226503734198730048.jar C:\Users\PHI LONG\AppData\Local\Temp\surefire9777861962675158643 2022-08-18T10-33-40_514-jvmRun1 surefire17525898236633463899tmp surefire_016900316849319238822tmp"/>
    <property name="jdk.debug" value="release"/>
    <property name="surefire.test.class.path" value="E:\java_web_HUSC\Pom_Demo\target\test-classes;E:\java_web_HUSC\Pom_Demo\target\classes;C:\Users\PHI LONG\.m2\repository\junit\junit\4.11\junit-4.11.jar;C:\Users\PHI LONG\.m2\repository\org\hamcrest\hamcrest-core\1.3\hamcrest-core-1.3.jar;C:\Users\PHI LONG\.m2\repository\org\seleniumhq\selenium\selenium-chrome-driver\4.2.1\selenium-chrome-driver-4.2.1.jar;C:\Users\PHI LONG\.m2\repository\com\google\auto\service\auto-service-annotations\1.0.1\auto-service-annotations-1.0.1.jar;C:\Users\PHI LONG\.m2\repository\com\google\auto\service\auto-service\1.0.1\auto-service-1.0.1.jar;C:\Users\PHI LONG\.m2\repository\com\google\auto\auto-common\1.2\auto-common-1.2.jar;C:\Users\PHI LONG\.m2\repository\com\google\guava\guava\31.1-jre\guava-31.1-jre.jar;C:\Users\PHI LONG\.m2\repository\com\google\guava\failureaccess\1.0.1\failureaccess-1.0.1.jar;C:\Users\PHI LONG\.m2\repository\com\google\guava\listenablefuture\9999.0-empty-to-avoid-conflict-with-guava\listenablefuture-9999.0-empty-to-avoid-conflict-with-guava.jar;C:\Users\PHI LONG\.m2\repository\org\checkerframework\checker-qual\3.12.0\checker-qual-3.12.0.jar;C:\Users\PHI LONG\.m2\repository\com\google\errorprone\error_prone_annotations\2.11.0\error_prone_annotations-2.11.0.jar;C:\Users\PHI LONG\.m2\repository\com\google\j2objc\j2objc-annotations\1.3\j2objc-annotations-1.3.jar;C:\Users\PHI LONG\.m2\repository\org\seleniumhq\selenium\selenium-api\4.2.1\selenium-api-4.2.1.jar;C:\Users\PHI LONG\.m2\repository\org\seleniumhq\selenium\selenium-chromium-driver\4.2.1\selenium-chromium-driver-4.2.1.jar;C:\Users\PHI LONG\.m2\repository\org\seleniumhq\selenium\selenium-json\4.2.1\selenium-json-4.2.1.jar;C:\Users\PHI LONG\.m2\repository\org\seleniumhq\selenium\selenium-remote-driver\4.2.1\selenium-remote-driver-4.2.1.jar;C:\Users\PHI LONG\.m2\repository\io\netty\netty-buffer\4.1.77.Final\netty-buffer-4.1.77.Final.jar;C:\Users\PHI LONG\.m2\repository\io\netty\netty-codec-http\4.1.77.Final\netty-codec-http-4.1.77.Final.jar;C:\Users\PHI LONG\.m2\repository\io\netty\netty-codec\4.1.77.Final\netty-codec-4.1.77.Final.jar;C:\Users\PHI LONG\.m2\repository\io\netty\netty-handler\4.1.77.Final\netty-handler-4.1.77.Final.jar;C:\Users\PHI LONG\.m2\repository\io\netty\netty-common\4.1.77.Final\netty-common-4.1.77.Final.jar;C:\Users\PHI LONG\.m2\repository\io\netty\netty-transport-classes-epoll\4.1.77.Final\netty-transport-classes-epoll-4.1.77.Final.jar;C:\Users\PHI LONG\.m2\repository\io\netty\netty-transport-classes-kqueue\4.1.77.Final\netty-transport-classes-kqueue-4.1.77.Final.jar;C:\Users\PHI LONG\.m2\repository\io\netty\netty-transport-native-epoll\4.1.77.Final\netty-transport-native-epoll-4.1.77.Final.jar;C:\Users\PHI LONG\.m2\repository\io\netty\netty-transport-native-kqueue\4.1.77.Final\netty-transport-native-kqueue-4.1.77.Final.jar;C:\Users\PHI LONG\.m2\repository\io\netty\netty-transport-native-unix-common\4.1.77.Final\netty-transport-native-unix-common-4.1.77.Final.jar;C:\Users\PHI LONG\.m2\repository\io\netty\netty-transport\4.1.77.Final\netty-transport-4.1.77.Final.jar;C:\Users\PHI LONG\.m2\repository\io\netty\netty-resolver\4.1.77.Final\netty-resolver-4.1.77.Final.jar;C:\Users\PHI LONG\.m2\repository\io\opentelemetry\opentelemetry-api\1.14.0\opentelemetry-api-1.14.0.jar;C:\Users\PHI LONG\.m2\repository\io\opentelemetry\opentelemetry-context\1.14.0\opentelemetry-context-1.14.0.jar;C:\Users\PHI LONG\.m2\repository\io\opentelemetry\opentelemetry-exporter-logging\1.14.0\opentelemetry-exporter-logging-1.14.0.jar;C:\Users\PHI LONG\.m2\repository\io\opentelemetry\opentelemetry-sdk-metrics\1.14.0\opentelemetry-sdk-metrics-1.14.0.jar;C:\Users\PHI LONG\.m2\repository\io\opentelemetry\opentelemetry-sdk-logs\1.14.0-alpha\opentelemetry-sdk-logs-1.14.0-alpha.jar;C:\Users\PHI LONG\.m2\repository\io\opentelemetry\opentelemetry-sdk-common\1.14.0\opentelemetry-sdk-common-1.14.0.jar;C:\Users\PHI LONG\.m2\repository\io\opentelemetry\opentelemetry-sdk-extension-autoconfigure-spi\1.14.0\opentelemetry-sdk-extension-autoconfigure-spi-1.14.0.jar;C:\Users\PHI LONG\.m2\repository\io\opentelemetry\opentelemetry-sdk-extension-autoconfigure\1.14.0-alpha\opentelemetry-sdk-extension-autoconfigure-1.14.0-alpha.jar;C:\Users\PHI LONG\.m2\repository\io\opentelemetry\opentelemetry-sdk-trace\1.14.0\opentelemetry-sdk-trace-1.14.0.jar;C:\Users\PHI LONG\.m2\repository\io\opentelemetry\opentelemetry-sdk\1.14.0\opentelemetry-sdk-1.14.0.jar;C:\Users\PHI LONG\.m2\repository\io\opentelemetry\opentelemetry-semconv\1.14.0-alpha\opentelemetry-semconv-1.14.0-alpha.jar;C:\Users\PHI LONG\.m2\repository\io\ous\jtoml\2.0.0\jtoml-2.0.0.jar;C:\Users\PHI LONG\.m2\repository\org\apache\commons\commons-exec\1.3\commons-exec-1.3.jar;C:\Users\PHI LONG\.m2\repository\org\asynchttpclient\async-http-client\2.12.3\async-http-client-2.12.3.jar;C:\Users\PHI LONG\.m2\repository\org\asynchttpclient\async-http-client-netty-utils\2.12.3\async-http-client-netty-utils-2.12.3.jar;C:\Users\PHI LONG\.m2\repository\io\netty\netty-codec-socks\4.1.60.Final\netty-codec-socks-4.1.60.Final.jar;C:\Users\PHI LONG\.m2\repository\io\netty\netty-handler-proxy\4.1.60.Final\netty-handler-proxy-4.1.60.Final.jar;C:\Users\PHI LONG\.m2\repository\io\netty\netty-transport-native-epoll\4.1.60.Final\netty-transport-native-epoll-4.1.60.Final-linux-x86_64.jar;C:\Users\PHI LONG\.m2\repository\io\netty\netty-transport-native-kqueue\4.1.60.Final\netty-transport-native-kqueue-4.1.60.Final-osx-x86_64.jar;C:\Users\PHI LONG\.m2\repository\org\reactivestreams\reactive-streams\1.0.3\reactive-streams-1.0.3.jar;C:\Users\PHI LONG\.m2\repository\com\typesafe\netty\netty-reactive-streams\2.0.4\netty-reactive-streams-2.0.4.jar;C:\Users\PHI LONG\.m2\repository\com\sun\activation\jakarta.activation\1.2.2\jakarta.activation-1.2.2.jar;C:\Users\PHI LONG\.m2\repository\org\seleniumhq\selenium\selenium-http\4.2.1\selenium-http-4.2.1.jar;C:\Users\PHI LONG\.m2\repository\dev\failsafe\failsafe\3.2.4\failsafe-3.2.4.jar;C:\Users\PHI LONG\.m2\repository\org\seleniumhq\selenium\selenium-support\4.3.0\selenium-support-4.3.0.jar;C:\Users\PHI LONG\.m2\repository\net\bytebuddy\byte-buddy\1.12.10\byte-buddy-1.12.10.jar;C:\Users\PHI LONG\.m2\repository\io\github\bonigarcia\webdrivermanager\5.0.3\webdrivermanager-5.0.3.jar;C:\Users\PHI LONG\.m2\repository\org\slf4j\slf4j-api\1.7.32\slf4j-api-1.7.32.jar;C:\Users\PHI LONG\.m2\repository\com\google\code\gson\gson\2.8.8\gson-2.8.8.jar;C:\Users\PHI LONG\.m2\repository\org\jsoup\jsoup\1.14.2\jsoup-1.14.2.jar;C:\Users\PHI LONG\.m2\repository\com\github\docker-java\docker-java\3.2.12\docker-java-3.2.12.jar;C:\Users\PHI LONG\.m2\repository\com\github\docker-java\docker-java-core\3.2.12\docker-java-core-3.2.12.jar;C:\Users\PHI LONG\.m2\repository\com\github\docker-java\docker-java-api\3.2.12\docker-java-api-3.2.12.jar;C:\Users\PHI LONG\.m2\repository\com\fasterxml\jackson\core\jackson-annotations\2.10.3\jackson-annotations-2.10.3.jar;C:\Users\PHI LONG\.m2\repository\commons-io\commons-io\2.6\commons-io-2.6.jar;C:\Users\PHI LONG\.m2\repository\org\apache\commons\commons-compress\1.21\commons-compress-1.21.jar;C:\Users\PHI LONG\.m2\repository\commons-lang\commons-lang\2.6\commons-lang-2.6.jar;C:\Users\PHI LONG\.m2\repository\com\fasterxml\jackson\core\jackson-databind\2.10.3\jackson-databind-2.10.3.jar;C:\Users\PHI LONG\.m2\repository\com\fasterxml\jackson\core\jackson-core\2.10.3\jackson-core-2.10.3.jar;C:\Users\PHI LONG\.m2\repository\org\bouncycastle\bcpkix-jdk15on\1.64\bcpkix-jdk15on-1.64.jar;C:\Users\PHI LONG\.m2\repository\org\bouncycastle\bcprov-jdk15on\1.64\bcprov-jdk15on-1.64.jar;C:\Users\PHI LONG\.m2\repository\org\slf4j\jcl-over-slf4j\1.7.30\jcl-over-slf4j-1.7.30.jar;C:\Users\PHI LONG\.m2\repository\com\github\docker-java\docker-java-transport-httpclient5\3.2.12\docker-java-transport-httpclient5-3.2.12.jar;C:\Users\PHI LONG\.m2\repository\com\github\docker-java\docker-java-transport\3.2.12\docker-java-transport-3.2.12.jar;C:\Users\PHI LONG\.m2\repository\org\apache\httpcomponents\client5\httpclient5\5.0.3\httpclient5-5.0.3.jar;C:\Users\PHI LONG\.m2\repository\org\apache\httpcomponents\core5\httpcore5\5.0.2\httpcore5-5.0.2.jar;C:\Users\PHI LONG\.m2\repository\commons-codec\commons-codec\1.13\commons-codec-1.13.jar;C:\Users\PHI LONG\.m2\repository\net\java\dev\jna\jna\5.8.0\jna-5.8.0.jar;C:\Users\PHI LONG\.m2\repository\org\brotli\dec\0.1.2\dec-0.1.2.jar;C:\Users\PHI LONG\.m2\repository\org\testng\testng\7.6.1\testng-7.6.1.jar;C:\Users\PHI LONG\.m2\repository\com\google\code\findbugs\jsr305\3.0.2\jsr305-3.0.2.jar;C:\Users\PHI LONG\.m2\repository\com\beust\jcommander\1.82\jcommander-1.82.jar;C:\Users\PHI LONG\.m2\repository\org\webjars\jquery\3.6.0\jquery-3.6.0.jar;"/>
    <property name="sun.cpu.endian" value="little"/>
    <property name="user.home" value="C:\Users\PHI LONG"/>
    <property name="user.language" value="en"/>
    <property name="java.specification.vendor" value="Oracle Corporation"/>
    <property name="java.version.date" value="2022-04-19"/>
    <property name="java.home" value="C:\Program Files\Eclipse Adoptium\jdk-17.0.3.7-hotspot"/>
    <property name="file.separator" value="\"/>
    <property name="basedir" value="E:\java_web_HUSC\Pom_Demo"/>
    <property name="java.vm.compressedOopsMode" value="32-bit"/>
    <property name="line.separator" value="&#10;"/>
    <property name="java.vm.specification.vendor" value="Oracle Corporation"/>
    <property name="java.specification.name" value="Java Platform API Specification"/>
    <property name="surefire.real.class.path" value="C:\Users\PHILON~1\AppData\Local\Temp\surefire9777861962675158643\surefirebooter18226503734198730048.jar"/>
    <property name="user.script" value=""/>
    <property name="sun.management.compiler" value="HotSpot 64-Bit Tiered Compilers"/>
    <property name="java.runtime.version" value="17.0.3+7"/>
    <property name="user.name" value="PHI LONG"/>
    <property name="path.separator" value=";"/>
    <property name="os.version" value="10.0"/>
    <property name="java.runtime.name" value="OpenJDK Runtime Environment"/>
    <property name="file.encoding" value="Cp1252"/>
    <property name="java.vm.name" value="OpenJDK 64-Bit Server VM"/>
    <property name="java.vendor.version" value="Temurin-17.0.3+7"/>
    <property name="localRepository" value="C:\Users\PHI LONG\.m2\repository"/>
    <property name="java.vendor.url.bug" value="https://github.com/adoptium/adoptium-support/issues"/>
    <property name="java.io.tmpdir" value="C:\Users\PHILON~1\AppData\Local\Temp\"/>
    <property name="java.version" value="17.0.3"/>
    <property name="user.dir" value="E:\java_web_HUSC\Pom_Demo"/>
    <property name="os.arch" value="amd64"/>
    <property name="java.vm.specification.name" value="Java Virtual Machine Specification"/>
    <property name="sun.os.patch.level" value=""/>
    <property name="native.encoding" value="Cp1252"/>
    <property name="java.library.path" value="C:\Program Files\Eclipse Adoptium\jdk-17.0.3.7-hotspot\bin;C:\WINDOWS\Sun\Java\bin;C:\WINDOWS\system32;C:\WINDOWS;C:\Program Files\Git\cmd;C:\Program Files\Eclipse Adoptium\jdk-17.0.3.7-hotspot\bin;C:\Program Files\Common Files\Oracle\Java\javapath;C:\WINDOWS\system32;C:\WINDOWS;C:\WINDOWS\System32\Wbem;C:\WINDOWS\System32\WindowsPowerShell\v1.0\;C:\WINDOWS\System32\OpenSSH\;C:\Program Files\nodejs\;C:\Program Files\Microsoft SQL Server\Client SDK\ODBC\170\Tools\Binn\;C:\Program Files (x86)\Microsoft SQL Server\150\Tools\Binn\;C:\Program Files\Microsoft SQL Server\150\Tools\Binn\;C:\Program Files\Microsoft SQL Server\150\DTS\Binn\;C:\Program Files (x86)\Microsoft SQL Server\150\DTS\Binn\;C:\Program Files\Azure Data Studio\bin;C:\Program Files\Git\cmd;C:\Users\PHI LONG\AppData\Local\Microsoft\WindowsApps;C:\Users\PHI LONG\AppData\Local\GitHubDesktop\bin;C:\Users\PHI LONG\AppData\Roaming\npm;C:\Users\PHI LONG\AppData\Local\Programs\Microsoft VS Code\bin;C:\flutter\bin;E:\LogiGear\chromedriver;C:\Program Files\Java\apache-maven-3.8.6\bin;."/>
    <property name="java.vm.info" value="mixed mode, sharing"/>
    <property name="java.vendor" value="Eclipse Adoptium"/>
    <property name="java.vm.version" value="17.0.3+7"/>
    <property name="sun.io.unicode.encoding" value="UnicodeLittle"/>
    <property name="java.class.version" value="61.0"/>
  </properties>
  <testcase name="testOpenContactPage" classname="open.OpenContactTests" time="1.291"/>
  <testcase name="testSuccessfullyLogin" classname="login.LoginTests" time="2.66"/>
</testsuite>