<?xml version="1.0" encoding="UTF-8"?>
<!-- Generated by org.testng.reporters.JUnitXMLReporter -->
<testsuite ignored="0" hostname="LAPTOP-05F01F8L" failures="0" tests="1" name="test-Open Contact Page" time="6.246" errors="0" timestamp="2022-08-18T10:33:47 ICT">
  <testcase classname="open.OpenContactTests" name="testOpenContactPage" time="1.286"/>
</testsuite> <!-- test-Open Contact Page -->
