<?xml version="1.0" encoding="UTF-8"?>
<!-- Generated by org.testng.reporters.JUnitXMLReporter -->
<testsuite ignored="0" hostname="LAPTOP-05F01F8L" failures="0" tests="1" name="test-login" time="7.693" errors="0" timestamp="2022-08-18T10:33:49 ICT">
  <testcase classname="login.LoginTests" name="testSuccessfullyLogin" time="2.662"/>
</testsuite> <!-- test-login -->
