<?xml version="1.0" encoding="UTF-8"?>
<!-- Generated by org.testng.reporters.JUnitReportReporter -->
<testsuite hostname="LAPTOP-05F01F8L" failures="0" tests="1" name="login.LoginTests" time="4.630" errors="0" timestamp="2022-08-18T10:33:49 ICT" skipped="0">
  <testcase classname="login.LoginTests" name="testSuccessfullyLogin" time="4.630"/>
  <system-out/>
</testsuite> <!-- login.LoginTests -->
